[debug] [2021-11-30T17:46:22.444Z] ----------------------------------------------------------------------
[debug] [2021-11-30T17:46:22.446Z] Command:       /usr/local/bin/node /usr/local/bin/firebase deploy --only functions
[debug] [2021-11-30T17:46:22.446Z] CLI Version:   9.10.0
[debug] [2021-11-30T17:46:22.446Z] Platform:      darwin
[debug] [2021-11-30T17:46:22.447Z] Node Version:  v14.16.1
[debug] [2021-11-30T17:46:22.455Z] Time:          Tue Nov 30 2021 12:46:22 GMT-0500 (Eastern Standard Time)
[debug] [2021-11-30T17:46:22.456Z] ----------------------------------------------------------------------
[debug] 
[debug] [2021-11-30T17:46:22.468Z] > command requires scopes: ["email","openid","https://www.googleapis.com/auth/cloudplatformprojects.readonly","https://www.googleapis.com/auth/firebase","https://www.googleapis.com/auth/cloud-platform"]
[debug] [2021-11-30T17:46:22.468Z] > authorizing via signed-in user (robertm3lendez@gmail.com)
[debug] [2021-11-30T17:46:22.468Z] [iam] checking project fixit-e974a for permissions ["cloudfunctions.functions.create","cloudfunctions.functions.delete","cloudfunctions.functions.get","cloudfunctions.functions.list","cloudfunctions.functions.update","cloudfunctions.operations.get","firebase.projects.get"]
[debug] [2021-11-30T17:46:22.470Z] > refreshing access token with scopes: ["email","https://www.googleapis.com/auth/cloud-platform","https://www.googleapis.com/auth/cloudplatformprojects.readonly","https://www.googleapis.com/auth/firebase","openid"]
[debug] [2021-11-30T17:46:22.470Z] >>> HTTP REQUEST POST https://www.googleapis.com/oauth2/v3/token  
 <request body omitted>
[debug] [2021-11-30T17:46:22.594Z] <<< HTTP RESPONSE 200 {"pragma":"no-cache","cache-control":"no-cache, no-store, max-age=0, must-revalidate","date":"Tue, 30 Nov 2021 17:46:22 GMT","expires":"Mon, 01 Jan 1990 00:00:00 GMT","content-type":"application/json; charset=utf-8","vary":"X-Origin, Referer, Origin,Accept-Encoding","server":"scaffolding on HTTPServer2","x-xss-protection":"0","x-frame-options":"SAMEORIGIN","x-content-type-options":"nosniff","alt-svc":"h3=\":443\"; ma=2592000,h3-29=\":443\"; ma=2592000,h3-Q050=\":443\"; ma=2592000,h3-Q046=\":443\"; ma=2592000,h3-Q043=\":443\"; ma=2592000,quic=\":443\"; ma=2592000; v=\"46,43\"","accept-ranges":"none","transfer-encoding":"chunked"}
[debug] [2021-11-30T17:46:22.639Z] >>> HTTP REQUEST POST https://cloudresourcemanager.googleapis.com/v1/projects/fixit-e974a:testIamPermissions  
 {"permissions":["cloudfunctions.functions.create","cloudfunctions.functions.delete","cloudfunctions.functions.get","cloudfunctions.functions.list","cloudfunctions.functions.update","cloudfunctions.operations.get","firebase.projects.get"]}
[debug] [2021-11-30T17:46:22.818Z] <<< HTTP RESPONSE 200 {"content-type":"application/json; charset=UTF-8","vary":"X-Origin, Referer, Origin,Accept-Encoding","date":"Tue, 30 Nov 2021 17:46:22 GMT","server":"ESF","cache-control":"private","x-xss-protection":"0","x-frame-options":"SAMEORIGIN","x-content-type-options":"nosniff","server-timing":"gfet4t7; dur=122","alt-svc":"h3=\":443\"; ma=2592000,h3-29=\":443\"; ma=2592000,h3-Q050=\":443\"; ma=2592000,h3-Q046=\":443\"; ma=2592000,h3-Q043=\":443\"; ma=2592000,quic=\":443\"; ma=2592000; v=\"46,43\"","accept-ranges":"none","transfer-encoding":"chunked"}
[debug] [2021-11-30T17:46:22.821Z] >>> HTTP REQUEST POST https://iam.googleapis.com/v1/projects/fixit-e974a/serviceAccounts/fixit-e974a@appspot.gserviceaccount.com:testIamPermissions  
 {"permissions":["iam.serviceAccounts.actAs"]}
[debug] [2021-11-30T17:46:22.979Z] <<< HTTP RESPONSE 200 {"content-type":"application/json; charset=UTF-8","vary":"X-Origin, Referer, Origin,Accept-Encoding","date":"Tue, 30 Nov 2021 17:46:22 GMT","server":"ESF","cache-control":"private","x-xss-protection":"0","x-frame-options":"SAMEORIGIN","x-content-type-options":"nosniff","alt-svc":"h3=\":443\"; ma=2592000,h3-29=\":443\"; ma=2592000,h3-Q050=\":443\"; ma=2592000,h3-Q046=\":443\"; ma=2592000,h3-Q043=\":443\"; ma=2592000,quic=\":443\"; ma=2592000; v=\"46,43\"","accept-ranges":"none","transfer-encoding":"chunked"}
[info] 
[info] === Deploying to 'fixit-e974a'...
[info] 
[info] i  deploying functions 
[info] Running command: npm --prefix "$RESOURCE_DIR" run
[info] ✔  functions: Finished running predeploy script. 
[info] i  functions: ensuring required API cloudfunctions.googleapis.com is enabled... 
[info] i  functions: ensuring required API cloudbuild.googleapis.com is enabled... 
[debug] [2021-11-30T17:46:27.807Z] >>> HTTP REQUEST GET https://serviceusage.googleapis.com/v1/projects/fixit-e974a/services/cloudfunctions.googleapis.com  
 
[debug] [2021-11-30T17:46:27.809Z] >>> HTTP REQUEST GET https://serviceusage.googleapis.com/v1/projects/fixit-e974a/services/runtimeconfig.googleapis.com  
 
[debug] [2021-11-30T17:46:27.810Z] >>> HTTP REQUEST GET https://serviceusage.googleapis.com/v1/projects/fixit-e974a/services/cloudbuild.googleapis.com  
 
[debug] [2021-11-30T17:46:28.232Z] <<< HTTP RESPONSE 200 {"content-type":"application/json; charset=UTF-8","vary":"X-Origin, Referer, Origin,Accept-Encoding","date":"Tue, 30 Nov 2021 17:46:28 GMT","server":"ESF","cache-control":"private","x-xss-protection":"0","x-frame-options":"SAMEORIGIN","x-content-type-options":"nosniff","alt-svc":"h3=\":443\"; ma=2592000,h3-29=\":443\"; ma=2592000,h3-Q050=\":443\"; ma=2592000,h3-Q046=\":443\"; ma=2592000,h3-Q043=\":443\"; ma=2592000,quic=\":443\"; ma=2592000; v=\"46,43\"","accept-ranges":"none","transfer-encoding":"chunked"}
[debug] [2021-11-30T17:46:28.234Z] <<< HTTP RESPONSE 200 {"content-type":"application/json; charset=UTF-8","vary":"X-Origin, Referer, Origin,Accept-Encoding","date":"Tue, 30 Nov 2021 17:46:28 GMT","server":"ESF","cache-control":"private","x-xss-protection":"0","x-frame-options":"SAMEORIGIN","x-content-type-options":"nosniff","alt-svc":"h3=\":443\"; ma=2592000,h3-29=\":443\"; ma=2592000,h3-Q050=\":443\"; ma=2592000,h3-Q046=\":443\"; ma=2592000,h3-Q043=\":443\"; ma=2592000,quic=\":443\"; ma=2592000; v=\"46,43\"","accept-ranges":"none","transfer-encoding":"chunked"}
[info] ✔  functions: required API cloudfunctions.googleapis.com is enabled 
[debug] [2021-11-30T17:46:28.238Z] <<< HTTP RESPONSE 200 {"content-type":"application/json; charset=UTF-8","vary":"X-Origin, Referer, Origin,Accept-Encoding","date":"Tue, 30 Nov 2021 17:46:28 GMT","server":"ESF","cache-control":"private","x-xss-protection":"0","x-frame-options":"SAMEORIGIN","x-content-type-options":"nosniff","alt-svc":"h3=\":443\"; ma=2592000,h3-29=\":443\"; ma=2592000,h3-Q050=\":443\"; ma=2592000,h3-Q046=\":443\"; ma=2592000,h3-Q043=\":443\"; ma=2592000,quic=\":443\"; ma=2592000; v=\"46,43\"","accept-ranges":"none","transfer-encoding":"chunked"}
[info] ✔  functions: required API cloudbuild.googleapis.com is enabled 
[debug] [2021-11-30T17:46:28.240Z] >>> HTTP REQUEST GET https://firebase.googleapis.com/v1beta1/projects/fixit-e974a/adminSdkConfig  
 
[debug] [2021-11-30T17:46:28.519Z] <<< HTTP RESPONSE 200 {"content-type":"application/json; charset=UTF-8","vary":"X-Origin, Referer, Origin,Accept-Encoding","date":"Tue, 30 Nov 2021 17:46:28 GMT","server":"ESF","cache-control":"private","x-xss-protection":"0","x-frame-options":"SAMEORIGIN","x-content-type-options":"nosniff","alt-svc":"h3=\":443\"; ma=2592000,h3-29=\":443\"; ma=2592000,h3-Q050=\":443\"; ma=2592000,h3-Q046=\":443\"; ma=2592000,h3-Q043=\":443\"; ma=2592000,quic=\":443\"; ma=2592000; v=\"46,43\"","accept-ranges":"none","transfer-encoding":"chunked"}
[info] i  functions: preparing functions directory for uploading... 
[debug] [2021-11-30T17:46:28.521Z] >>> HTTP REQUEST GET https://runtimeconfig.googleapis.com/v1beta1/projects/fixit-e974a/configs  
 
[debug] [2021-11-30T17:46:29.142Z] <<< HTTP RESPONSE 200 {"content-type":"application/json; charset=UTF-8","vary":"X-Origin, Referer, Origin,Accept-Encoding","date":"Tue, 30 Nov 2021 17:46:29 GMT","server":"ESF","cache-control":"private","x-xss-protection":"0","x-frame-options":"SAMEORIGIN","x-content-type-options":"nosniff","alt-svc":"h3=\":443\"; ma=2592000,h3-29=\":443\"; ma=2592000,h3-Q050=\":443\"; ma=2592000,h3-Q046=\":443\"; ma=2592000,h3-Q043=\":443\"; ma=2592000,quic=\":443\"; ma=2592000; v=\"46,43\"","accept-ranges":"none","transfer-encoding":"chunked"}
[info] i  functions: packaged functions (27.07 KB) for uploading 
[debug] [2021-11-30T17:46:29.502Z] > [functions] package.json contents: {
  "name": "functions",
  "description": "Cloud Functions for Firebase",
  "scripts": {
    "serve": "firebase emulators:start --only functions",
    "shell": "firebase functions:shell",
    "start": "npm run shell",
    "deploy": "firebase deploy --only functions",
    "logs": "firebase functions:log"
  },
  "engines": {
    "node": "14"
  },
  "main": "index.js",
  "dependencies": {
    "dotenv": "^10.0.0",
    "firebase-admin": "^9.2.0",
    "firebase-functions": "^3.11.0",
    "node-fetch": "^2.6.6",
    "stripe": "^8.186.1"
  },
  "devDependencies": {
    "@types/stripe": "^8.0.417",
    "firebase-functions-test": "^0.2.0"
  },
  "private": true
}
[debug] [2021-11-30T17:46:29.503Z] >>> HTTP REQUEST GET https://cloudfunctions.googleapis.com/v1/projects/fixit-e974a/locations/-/functions  
 
[debug] [2021-11-30T17:46:30.065Z] <<< HTTP RESPONSE 200 {"content-type":"application/json; charset=UTF-8","vary":"X-Origin, Referer, Origin,Accept-Encoding","date":"Tue, 30 Nov 2021 17:46:29 GMT","server":"ESF","cache-control":"private","x-xss-protection":"0","x-frame-options":"SAMEORIGIN","x-content-type-options":"nosniff","alt-svc":"h3=\":443\"; ma=2592000,h3-29=\":443\"; ma=2592000,h3-Q050=\":443\"; ma=2592000,h3-Q046=\":443\"; ma=2592000,h3-Q043=\":443\"; ma=2592000,quic=\":443\"; ma=2592000; v=\"46,43\"","accept-ranges":"none","transfer-encoding":"chunked"}
[debug] [2021-11-30T17:46:30.067Z] >>> HTTP REQUEST POST https://cloudfunctions.googleapis.com/v1/projects/fixit-e974a/locations/us-central1/functions:generateUploadUrl  
 
[debug] [2021-11-30T17:46:30.678Z] <<< HTTP RESPONSE 200 {"content-type":"application/json; charset=UTF-8","vary":"X-Origin, Referer, Origin,Accept-Encoding","date":"Tue, 30 Nov 2021 17:46:30 GMT","server":"ESF","cache-control":"private","x-xss-protection":"0","x-frame-options":"SAMEORIGIN","x-content-type-options":"nosniff","alt-svc":"h3=\":443\"; ma=2592000,h3-29=\":443\"; ma=2592000,h3-Q050=\":443\"; ma=2592000,h3-Q046=\":443\"; ma=2592000,h3-Q043=\":443\"; ma=2592000,quic=\":443\"; ma=2592000; v=\"46,43\"","accept-ranges":"none","transfer-encoding":"chunked"}
[debug] [2021-11-30T17:46:30.679Z] >>> HTTP REQUEST PUT https://storage.googleapis.com/gcf-upload-us-central1-3bce38aa-9b9e-4c37-b489-e4b793d05d2e/1b5fe934-c07b-4c42-829c-2266ea233f51.zip?GoogleAccessId=service-373012334351@gcf-admin-robot.iam.gserviceaccount.com&Expires=1638296190&Signature=a3b57hVaYJbJ0119klqlg3yJLwXrIAwoexCiOW1S2eI6TSoXXylcC0hQhTTbTW874x75apD9FwBsZKWwN2fZYh6luT3g4OL63ZtUdVxrKNr0H9lPByXHowTtQ%2Bs0Pv%2F2%2BQ3O7FgUIl0e9G7s0qEcn6Ce76w9CNzAbPwzKjkViI1aplUCg1JW6l35W8noBcPNr0Px7hQdnIe%2B3KBh%2BQyq2z0Cro2iMTV38TzS7TKuIoHpFifYD5uIMn1oKYVw9sqZUP5%2Bj9KfvGcag4L4Fev2yJRsqpITGC3K%2BRhqVIRQ5Un1i39LsXTI31ME%2BKh96iLA4vJiQIrb7xYemIbDmmg3wQ%3D%3D  
 <request body omitted>
[debug] [2021-11-30T17:46:31.031Z] <<< HTTP RESPONSE 200 {"x-guploader-uploadid":"ADPycdsrGabbfYdo_FLhOGycSe73hDqh7ANihG53CAFAYJUpAv89qGifIXwWbVTJYgdA2jV8N2bEv9RdM1TRN-j0IMA0b3VO7g","etag":"\"38882ab17cd86e473f889681fefa62e5\"","x-goog-generation":"1638294391004884","x-goog-metageneration":"1","x-goog-hash":"crc32c=ei8W/A==, md5=OIgqsXzYbkc/iJaB/vpi5Q==","x-goog-stored-content-length":"27719","x-goog-stored-content-encoding":"identity","vary":"Origin","content-length":"0","date":"Tue, 30 Nov 2021 17:46:31 GMT","server":"UploadServer","content-type":"text/html; charset=UTF-8","alt-svc":"h3=\":443\"; ma=2592000,h3-29=\":443\"; ma=2592000,h3-Q050=\":443\"; ma=2592000,h3-Q046=\":443\"; ma=2592000,h3-Q043=\":443\"; ma=2592000,quic=\":443\"; ma=2592000; v=\"46,43\""}
[info] ✔  functions: functions folder uploaded successfully 
[info] i  functions: updating Node.js 14 (Beta) function sendNotificationOnSignUp(us-central1)... 
[debug] [2021-11-30T17:46:31.039Z] >>> HTTP REQUEST PATCH https://cloudfunctions.googleapis.com/v1/projects/fixit-e974a/locations/us-central1/functions/sendNotificationOnSignUp {"updateMask":"sourceUploadUrl,name,labels,runtime,environmentVariables,eventTrigger.resource,eventTrigger.eventType,eventTrigger.service,eventTrigger.failurePolicy"} 
 {"sourceUploadUrl":"https://storage.googleapis.com/gcf-upload-us-central1-3bce38aa-9b9e-4c37-b489-e4b793d05d2e/1b5fe934-c07b-4c42-829c-2266ea233f51.zip?GoogleAccessId=service-373012334351@gcf-admin-robot.iam.gserviceaccount.com&Expires=1638296190&Signature=a3b57hVaYJbJ0119klqlg3yJLwXrIAwoexCiOW1S2eI6TSoXXylcC0hQhTTbTW874x75apD9FwBsZKWwN2fZYh6luT3g4OL63ZtUdVxrKNr0H9lPByXHowTtQ%2Bs0Pv%2F2%2BQ3O7FgUIl0e9G7s0qEcn6Ce76w9CNzAbPwzKjkViI1aplUCg1JW6l35W8noBcPNr0Px7hQdnIe%2B3KBh%2BQyq2z0Cro2iMTV38TzS7TKuIoHpFifYD5uIMn1oKYVw9sqZUP5%2Bj9KfvGcag4L4Fev2yJRsqpITGC3K%2BRhqVIRQ5Un1i39LsXTI31ME%2BKh96iLA4vJiQIrb7xYemIbDmmg3wQ%3D%3D","name":"projects/fixit-e974a/locations/us-central1/functions/sendNotificationOnSignUp","labels":{"deployment-tool":"cli-firebase"},"eventTrigger":{"resource":"projects/fixit-e974a/databases/(default)/documents/users/{userId}","eventType":"providers/cloud.firestore/eventTypes/document.create","service":"firestore.googleapis.com"},"runtime":"nodejs14","environmentVariables":{"FIREBASE_CONFIG":"{\"projectId\":\"fixit-e974a\",\"storageBucket\":\"fixit-e974a.appspot.com\",\"locationId\":\"us-central\"}"}}
[debug] [2021-11-30T17:46:31.376Z] <<< HTTP RESPONSE 200 {"content-type":"application/json; charset=UTF-8","vary":"X-Origin, Referer, Origin,Accept-Encoding","date":"Tue, 30 Nov 2021 17:46:31 GMT","server":"ESF","cache-control":"private","x-xss-protection":"0","x-frame-options":"SAMEORIGIN","x-content-type-options":"nosniff","alt-svc":"h3=\":443\"; ma=2592000,h3-29=\":443\"; ma=2592000,h3-Q050=\":443\"; ma=2592000,h3-Q046=\":443\"; ma=2592000,h3-Q043=\":443\"; ma=2592000,quic=\":443\"; ma=2592000; v=\"46,43\"","accept-ranges":"none","transfer-encoding":"chunked"}
[debug] [2021-11-30T17:46:31.379Z] > refreshing access token with scopes: []
[debug] [2021-11-30T17:46:31.379Z] >>> HTTP REQUEST POST https://www.googleapis.com/oauth2/v3/token  
 <request body omitted>
[debug] [2021-11-30T17:46:31.442Z] <<< HTTP RESPONSE 200 {"expires":"Mon, 01 Jan 1990 00:00:00 GMT","cache-control":"no-cache, no-store, max-age=0, must-revalidate","pragma":"no-cache","date":"Tue, 30 Nov 2021 17:46:31 GMT","content-type":"application/json; charset=utf-8","vary":"X-Origin, Referer, Origin,Accept-Encoding","server":"scaffolding on HTTPServer2","x-xss-protection":"0","x-frame-options":"SAMEORIGIN","x-content-type-options":"nosniff","alt-svc":"h3=\":443\"; ma=2592000,h3-29=\":443\"; ma=2592000,h3-Q050=\":443\"; ma=2592000,h3-Q046=\":443\"; ma=2592000,h3-Q043=\":443\"; ma=2592000,quic=\":443\"; ma=2592000; v=\"46,43\"","accept-ranges":"none","transfer-encoding":"chunked"}
[debug] [2021-11-30T17:46:31.485Z] >>> [apiv2][query] GET https://cloudfunctions.googleapis.com/v1/operations/Zml4aXQtZTk3NGEvdXMtY2VudHJhbDEvc2VuZE5vdGlmaWNhdGlvbk9uU2lnblVwL3RMWng4UThueEo0 [none]
[debug] [2021-11-30T17:46:31.636Z] <<< [apiv2][status] GET https://cloudfunctions.googleapis.com/v1/operations/Zml4aXQtZTk3NGEvdXMtY2VudHJhbDEvc2VuZE5vdGlmaWNhdGlvbk9uU2lnblVwL3RMWng4UThueEo0 200
[debug] [2021-11-30T17:46:31.636Z] <<< [apiv2][body] GET https://cloudfunctions.googleapis.com/v1/operations/Zml4aXQtZTk3NGEvdXMtY2VudHJhbDEvc2VuZE5vdGlmaWNhdGlvbk9uU2lnblVwL3RMWng4UThueEo0 {"name":"operations/Zml4aXQtZTk3NGEvdXMtY2VudHJhbDEvc2VuZE5vdGlmaWNhdGlvbk9uU2lnblVwL3RMWng4UThueEo0","metadata":{"@type":"type.googleapis.com/google.cloud.functions.v1.OperationMetadataV1","target":"projects/fixit-e974a/locations/us-central1/functions/sendNotificationOnSignUp","type":"UPDATE_FUNCTION","request":{"@type":"type.googleapis.com/google.cloud.functions.v1.CloudFunction","name":"projects/fixit-e974a/locations/us-central1/functions/sendNotificationOnSignUp","eventTrigger":{"eventType":"providers/cloud.firestore/eventTypes/document.create","resource":"projects/fixit-e974a/databases/(default)/documents/users/{userId}","service":"firestore.googleapis.com"},"status":"ACTIVE","entryPoint":"sendNotificationOnSignUp","timeout":"60s","availableMemoryMb":256,"serviceAccountEmail":"fixit-e974a@appspot.gserviceaccount.com","updateTime":"2021-11-30T17:35:56.187Z","versionId":"14","labels":{"deployment-tool":"cli-firebase"},"sourceUploadUrl":"https://storage.googleapis.com/gcf-upload-us-central1-3bce38aa-9b9e-4c37-b489-e4b793d05d2e/1b5fe934-c07b-4c42-829c-2266ea233f51.zip?GoogleAccessId=service-373012334351@gcf-admin-robot.iam.gserviceaccount.com&Expires=1638296190&Signature=a3b57hVaYJbJ0119klqlg3yJLwXrIAwoexCiOW1S2eI6TSoXXylcC0hQhTTbTW874x75apD9FwBsZKWwN2fZYh6luT3g4OL63ZtUdVxrKNr0H9lPByXHowTtQ%2Bs0Pv%2F2%2BQ3O7FgUIl0e9G7s0qEcn6Ce76w9CNzAbPwzKjkViI1aplUCg1JW6l35W8noBcPNr0Px7hQdnIe%2B3KBh%2BQyq2z0Cro2iMTV38TzS7TKuIoHpFifYD5uIMn1oKYVw9sqZUP5%2Bj9KfvGcag4L4Fev2yJRsqpITGC3K%2BRhqVIRQ5Un1i39LsXTI31ME%2BKh96iLA4vJiQIrb7xYemIbDmmg3wQ%3D%3D","environmentVariables":{"FIREBASE_CONFIG":"{\"projectId\":\"fixit-e974a\",\"storageBucket\":\"fixit-e974a.appspot.com\",\"locationId\":\"us-central\"}"},"runtime":"nodejs14","ingressSettings":"ALLOW_ALL","buildId":"6e4b1aac-2da8-4f3e-a23c-15dcae71fbd4","buildName":"projects/373012334351/locations/us-central1/builds/6e4b1aac-2da8-4f3e-a23c-15dcae71fbd4"},"versionId":"15","updateTime":"2021-11-30T17:46:31Z","buildName":"projects/373012334351/locations/us-central1/builds/6e4b1aac-2da8-4f3e-a23c-15dcae71fbd4"}}
[debug] [2021-11-30T17:46:32.139Z] [update-projects/fixit-e974a/locations/us-central1/functions/sendNotificationOnSignUp] Retrying task index 0
[debug] [2021-11-30T17:46:32.140Z] >>> [apiv2][query] GET https://cloudfunctions.googleapis.com/v1/operations/Zml4aXQtZTk3NGEvdXMtY2VudHJhbDEvc2VuZE5vdGlmaWNhdGlvbk9uU2lnblVwL3RMWng4UThueEo0 [none]
[debug] [2021-11-30T17:46:32.278Z] <<< [apiv2][status] GET https://cloudfunctions.googleapis.com/v1/operations/Zml4aXQtZTk3NGEvdXMtY2VudHJhbDEvc2VuZE5vdGlmaWNhdGlvbk9uU2lnblVwL3RMWng4UThueEo0 200
[debug] [2021-11-30T17:46:32.278Z] <<< [apiv2][body] GET https://cloudfunctions.googleapis.com/v1/operations/Zml4aXQtZTk3NGEvdXMtY2VudHJhbDEvc2VuZE5vdGlmaWNhdGlvbk9uU2lnblVwL3RMWng4UThueEo0 {"name":"operations/Zml4aXQtZTk3NGEvdXMtY2VudHJhbDEvc2VuZE5vdGlmaWNhdGlvbk9uU2lnblVwL3RMWng4UThueEo0","metadata":{"@type":"type.googleapis.com/google.cloud.functions.v1.OperationMetadataV1","target":"projects/fixit-e974a/locations/us-central1/functions/sendNotificationOnSignUp","type":"UPDATE_FUNCTION","request":{"@type":"type.googleapis.com/google.cloud.functions.v1.CloudFunction","name":"projects/fixit-e974a/locations/us-central1/functions/sendNotificationOnSignUp","eventTrigger":{"eventType":"providers/cloud.firestore/eventTypes/document.create","resource":"projects/fixit-e974a/databases/(default)/documents/users/{userId}","service":"firestore.googleapis.com"},"status":"ACTIVE","entryPoint":"sendNotificationOnSignUp","timeout":"60s","availableMemoryMb":256,"serviceAccountEmail":"fixit-e974a@appspot.gserviceaccount.com","updateTime":"2021-11-30T17:35:56.187Z","versionId":"14","labels":{"deployment-tool":"cli-firebase"},"sourceUploadUrl":"https://storage.googleapis.com/gcf-upload-us-central1-3bce38aa-9b9e-4c37-b489-e4b793d05d2e/1b5fe934-c07b-4c42-829c-2266ea233f51.zip?GoogleAccessId=service-373012334351@gcf-admin-robot.iam.gserviceaccount.com&Expires=1638296190&Signature=a3b57hVaYJbJ0119klqlg3yJLwXrIAwoexCiOW1S2eI6TSoXXylcC0hQhTTbTW874x75apD9FwBsZKWwN2fZYh6luT3g4OL63ZtUdVxrKNr0H9lPByXHowTtQ%2Bs0Pv%2F2%2BQ3O7FgUIl0e9G7s0qEcn6Ce76w9CNzAbPwzKjkViI1aplUCg1JW6l35W8noBcPNr0Px7hQdnIe%2B3KBh%2BQyq2z0Cro2iMTV38TzS7TKuIoHpFifYD5uIMn1oKYVw9sqZUP5%2Bj9KfvGcag4L4Fev2yJRsqpITGC3K%2BRhqVIRQ5Un1i39LsXTI31ME%2BKh96iLA4vJiQIrb7xYemIbDmmg3wQ%3D%3D","environmentVariables":{"FIREBASE_CONFIG":"{\"projectId\":\"fixit-e974a\",\"storageBucket\":\"fixit-e974a.appspot.com\",\"locationId\":\"us-central\"}"},"runtime":"nodejs14","ingressSettings":"ALLOW_ALL","buildId":"6e4b1aac-2da8-4f3e-a23c-15dcae71fbd4","buildName":"projects/373012334351/locations/us-central1/builds/6e4b1aac-2da8-4f3e-a23c-15dcae71fbd4"},"versionId":"15","updateTime":"2021-11-30T17:46:31Z","buildId":"3aec8474-c28c-46ec-b89a-de1553d881c2","buildName":"projects/373012334351/locations/us-central1/builds/3aec8474-c28c-46ec-b89a-de1553d881c2"}}
[debug] [2021-11-30T17:46:33.278Z] [update-projects/fixit-e974a/locations/us-central1/functions/sendNotificationOnSignUp] Retrying task index 0
[debug] [2021-11-30T17:46:33.279Z] >>> [apiv2][query] GET https://cloudfunctions.googleapis.com/v1/operations/Zml4aXQtZTk3NGEvdXMtY2VudHJhbDEvc2VuZE5vdGlmaWNhdGlvbk9uU2lnblVwL3RMWng4UThueEo0 [none]
[debug] [2021-11-30T17:46:33.398Z] <<< [apiv2][status] GET https://cloudfunctions.googleapis.com/v1/operations/Zml4aXQtZTk3NGEvdXMtY2VudHJhbDEvc2VuZE5vdGlmaWNhdGlvbk9uU2lnblVwL3RMWng4UThueEo0 200
[debug] [2021-11-30T17:46:33.398Z] <<< [apiv2][body] GET https://cloudfunctions.googleapis.com/v1/operations/Zml4aXQtZTk3NGEvdXMtY2VudHJhbDEvc2VuZE5vdGlmaWNhdGlvbk9uU2lnblVwL3RMWng4UThueEo0 {"name":"operations/Zml4aXQtZTk3NGEvdXMtY2VudHJhbDEvc2VuZE5vdGlmaWNhdGlvbk9uU2lnblVwL3RMWng4UThueEo0","metadata":{"@type":"type.googleapis.com/google.cloud.functions.v1.OperationMetadataV1","target":"projects/fixit-e974a/locations/us-central1/functions/sendNotificationOnSignUp","type":"UPDATE_FUNCTION","request":{"@type":"type.googleapis.com/google.cloud.functions.v1.CloudFunction","name":"projects/fixit-e974a/locations/us-central1/functions/sendNotificationOnSignUp","eventTrigger":{"eventType":"providers/cloud.firestore/eventTypes/document.create","resource":"projects/fixit-e974a/databases/(default)/documents/users/{userId}","service":"firestore.googleapis.com"},"status":"ACTIVE","entryPoint":"sendNotificationOnSignUp","timeout":"60s","availableMemoryMb":256,"serviceAccountEmail":"fixit-e974a@appspot.gserviceaccount.com","updateTime":"2021-11-30T17:35:56.187Z","versionId":"14","labels":{"deployment-tool":"cli-firebase"},"sourceUploadUrl":"https://storage.googleapis.com/gcf-upload-us-central1-3bce38aa-9b9e-4c37-b489-e4b793d05d2e/1b5fe934-c07b-4c42-829c-2266ea233f51.zip?GoogleAccessId=service-373012334351@gcf-admin-robot.iam.gserviceaccount.com&Expires=1638296190&Signature=a3b57hVaYJbJ0119klqlg3yJLwXrIAwoexCiOW1S2eI6TSoXXylcC0hQhTTbTW874x75apD9FwBsZKWwN2fZYh6luT3g4OL63ZtUdVxrKNr0H9lPByXHowTtQ%2Bs0Pv%2F2%2BQ3O7FgUIl0e9G7s0qEcn6Ce76w9CNzAbPwzKjkViI1aplUCg1JW6l35W8noBcPNr0Px7hQdnIe%2B3KBh%2BQyq2z0Cro2iMTV38TzS7TKuIoHpFifYD5uIMn1oKYVw9sqZUP5%2Bj9KfvGcag4L4Fev2yJRsqpITGC3K%2BRhqVIRQ5Un1i39LsXTI31ME%2BKh96iLA4vJiQIrb7xYemIbDmmg3wQ%3D%3D","environmentVariables":{"FIREBASE_CONFIG":"{\"projectId\":\"fixit-e974a\",\"storageBucket\":\"fixit-e974a.appspot.com\",\"locationId\":\"us-central\"}"},"runtime":"nodejs14","ingressSettings":"ALLOW_ALL","buildId":"6e4b1aac-2da8-4f3e-a23c-15dcae71fbd4","buildName":"projects/373012334351/locations/us-central1/builds/6e4b1aac-2da8-4f3e-a23c-15dcae71fbd4"},"versionId":"15","updateTime":"2021-11-30T17:46:31Z","buildId":"3aec8474-c28c-46ec-b89a-de1553d881c2","buildName":"projects/373012334351/locations/us-central1/builds/3aec8474-c28c-46ec-b89a-de1553d881c2"}}
[debug] [2021-11-30T17:46:35.400Z] [update-projects/fixit-e974a/locations/us-central1/functions/sendNotificationOnSignUp] Retrying task index 0
[debug] [2021-11-30T17:46:35.401Z] >>> [apiv2][query] GET https://cloudfunctions.googleapis.com/v1/operations/Zml4aXQtZTk3NGEvdXMtY2VudHJhbDEvc2VuZE5vdGlmaWNhdGlvbk9uU2lnblVwL3RMWng4UThueEo0 [none]
[debug] [2021-11-30T17:46:35.548Z] <<< [apiv2][status] GET https://cloudfunctions.googleapis.com/v1/operations/Zml4aXQtZTk3NGEvdXMtY2VudHJhbDEvc2VuZE5vdGlmaWNhdGlvbk9uU2lnblVwL3RMWng4UThueEo0 200
[debug] [2021-11-30T17:46:35.548Z] <<< [apiv2][body] GET https://cloudfunctions.googleapis.com/v1/operations/Zml4aXQtZTk3NGEvdXMtY2VudHJhbDEvc2VuZE5vdGlmaWNhdGlvbk9uU2lnblVwL3RMWng4UThueEo0 {"name":"operations/Zml4aXQtZTk3NGEvdXMtY2VudHJhbDEvc2VuZE5vdGlmaWNhdGlvbk9uU2lnblVwL3RMWng4UThueEo0","metadata":{"@type":"type.googleapis.com/google.cloud.functions.v1.OperationMetadataV1","target":"projects/fixit-e974a/locations/us-central1/functions/sendNotificationOnSignUp","type":"UPDATE_FUNCTION","request":{"@type":"type.googleapis.com/google.cloud.functions.v1.CloudFunction","name":"projects/fixit-e974a/locations/us-central1/functions/sendNotificationOnSignUp","eventTrigger":{"eventType":"providers/cloud.firestore/eventTypes/document.create","resource":"projects/fixit-e974a/databases/(default)/documents/users/{userId}","service":"firestore.googleapis.com"},"status":"ACTIVE","entryPoint":"sendNotificationOnSignUp","timeout":"60s","availableMemoryMb":256,"serviceAccountEmail":"fixit-e974a@appspot.gserviceaccount.com","updateTime":"2021-11-30T17:35:56.187Z","versionId":"14","labels":{"deployment-tool":"cli-firebase"},"sourceUploadUrl":"https://storage.googleapis.com/gcf-upload-us-central1-3bce38aa-9b9e-4c37-b489-e4b793d05d2e/1b5fe934-c07b-4c42-829c-2266ea233f51.zip?GoogleAccessId=service-373012334351@gcf-admin-robot.iam.gserviceaccount.com&Expires=1638296190&Signature=a3b57hVaYJbJ0119klqlg3yJLwXrIAwoexCiOW1S2eI6TSoXXylcC0hQhTTbTW874x75apD9FwBsZKWwN2fZYh6luT3g4OL63ZtUdVxrKNr0H9lPByXHowTtQ%2Bs0Pv%2F2%2BQ3O7FgUIl0e9G7s0qEcn6Ce76w9CNzAbPwzKjkViI1aplUCg1JW6l35W8noBcPNr0Px7hQdnIe%2B3KBh%2BQyq2z0Cro2iMTV38TzS7TKuIoHpFifYD5uIMn1oKYVw9sqZUP5%2Bj9KfvGcag4L4Fev2yJRsqpITGC3K%2BRhqVIRQ5Un1i39LsXTI31ME%2BKh96iLA4vJiQIrb7xYemIbDmmg3wQ%3D%3D","environmentVariables":{"FIREBASE_CONFIG":"{\"projectId\":\"fixit-e974a\",\"storageBucket\":\"fixit-e974a.appspot.com\",\"locationId\":\"us-central\"}"},"runtime":"nodejs14","ingressSettings":"ALLOW_ALL","buildId":"6e4b1aac-2da8-4f3e-a23c-15dcae71fbd4","buildName":"projects/373012334351/locations/us-central1/builds/6e4b1aac-2da8-4f3e-a23c-15dcae71fbd4"},"versionId":"15","updateTime":"2021-11-30T17:46:31Z","buildId":"3aec8474-c28c-46ec-b89a-de1553d881c2","buildName":"projects/373012334351/locations/us-central1/builds/3aec8474-c28c-46ec-b89a-de1553d881c2"}}
[debug] [2021-11-30T17:46:39.550Z] [update-projects/fixit-e974a/locations/us-central1/functions/sendNotificationOnSignUp] Retrying task index 0
[debug] [2021-11-30T17:46:39.552Z] >>> [apiv2][query] GET https://cloudfunctions.googleapis.com/v1/operations/Zml4aXQtZTk3NGEvdXMtY2VudHJhbDEvc2VuZE5vdGlmaWNhdGlvbk9uU2lnblVwL3RMWng4UThueEo0 [none]
[debug] [2021-11-30T17:46:39.692Z] <<< [apiv2][status] GET https://cloudfunctions.googleapis.com/v1/operations/Zml4aXQtZTk3NGEvdXMtY2VudHJhbDEvc2VuZE5vdGlmaWNhdGlvbk9uU2lnblVwL3RMWng4UThueEo0 200
[debug] [2021-11-30T17:46:39.692Z] <<< [apiv2][body] GET https://cloudfunctions.googleapis.com/v1/operations/Zml4aXQtZTk3NGEvdXMtY2VudHJhbDEvc2VuZE5vdGlmaWNhdGlvbk9uU2lnblVwL3RMWng4UThueEo0 {"name":"operations/Zml4aXQtZTk3NGEvdXMtY2VudHJhbDEvc2VuZE5vdGlmaWNhdGlvbk9uU2lnblVwL3RMWng4UThueEo0","metadata":{"@type":"type.googleapis.com/google.cloud.functions.v1.OperationMetadataV1","target":"projects/fixit-e974a/locations/us-central1/functions/sendNotificationOnSignUp","type":"UPDATE_FUNCTION","request":{"@type":"type.googleapis.com/google.cloud.functions.v1.CloudFunction","name":"projects/fixit-e974a/locations/us-central1/functions/sendNotificationOnSignUp","eventTrigger":{"eventType":"providers/cloud.firestore/eventTypes/document.create","resource":"projects/fixit-e974a/databases/(default)/documents/users/{userId}","service":"firestore.googleapis.com"},"status":"ACTIVE","entryPoint":"sendNotificationOnSignUp","timeout":"60s","availableMemoryMb":256,"serviceAccountEmail":"fixit-e974a@appspot.gserviceaccount.com","updateTime":"2021-11-30T17:35:56.187Z","versionId":"14","labels":{"deployment-tool":"cli-firebase"},"sourceUploadUrl":"https://storage.googleapis.com/gcf-upload-us-central1-3bce38aa-9b9e-4c37-b489-e4b793d05d2e/1b5fe934-c07b-4c42-829c-2266ea233f51.zip?GoogleAccessId=service-373012334351@gcf-admin-robot.iam.gserviceaccount.com&Expires=1638296190&Signature=a3b57hVaYJbJ0119klqlg3yJLwXrIAwoexCiOW1S2eI6TSoXXylcC0hQhTTbTW874x75apD9FwBsZKWwN2fZYh6luT3g4OL63ZtUdVxrKNr0H9lPByXHowTtQ%2Bs0Pv%2F2%2BQ3O7FgUIl0e9G7s0qEcn6Ce76w9CNzAbPwzKjkViI1aplUCg1JW6l35W8noBcPNr0Px7hQdnIe%2B3KBh%2BQyq2z0Cro2iMTV38TzS7TKuIoHpFifYD5uIMn1oKYVw9sqZUP5%2Bj9KfvGcag4L4Fev2yJRsqpITGC3K%2BRhqVIRQ5Un1i39LsXTI31ME%2BKh96iLA4vJiQIrb7xYemIbDmmg3wQ%3D%3D","environmentVariables":{"FIREBASE_CONFIG":"{\"projectId\":\"fixit-e974a\",\"storageBucket\":\"fixit-e974a.appspot.com\",\"locationId\":\"us-central\"}"},"runtime":"nodejs14","ingressSettings":"ALLOW_ALL","buildId":"6e4b1aac-2da8-4f3e-a23c-15dcae71fbd4","buildName":"projects/373012334351/locations/us-central1/builds/6e4b1aac-2da8-4f3e-a23c-15dcae71fbd4"},"versionId":"15","updateTime":"2021-11-30T17:46:31Z","buildId":"3aec8474-c28c-46ec-b89a-de1553d881c2","buildName":"projects/373012334351/locations/us-central1/builds/3aec8474-c28c-46ec-b89a-de1553d881c2"}}
[debug] [2021-11-30T17:46:47.695Z] [update-projects/fixit-e974a/locations/us-central1/functions/sendNotificationOnSignUp] Retrying task index 0
[debug] [2021-11-30T17:46:47.700Z] >>> [apiv2][query] GET https://cloudfunctions.googleapis.com/v1/operations/Zml4aXQtZTk3NGEvdXMtY2VudHJhbDEvc2VuZE5vdGlmaWNhdGlvbk9uU2lnblVwL3RMWng4UThueEo0 [none]
[debug] [2021-11-30T17:46:47.830Z] <<< [apiv2][status] GET https://cloudfunctions.googleapis.com/v1/operations/Zml4aXQtZTk3NGEvdXMtY2VudHJhbDEvc2VuZE5vdGlmaWNhdGlvbk9uU2lnblVwL3RMWng4UThueEo0 200
[debug] [2021-11-30T17:46:47.830Z] <<< [apiv2][body] GET https://cloudfunctions.googleapis.com/v1/operations/Zml4aXQtZTk3NGEvdXMtY2VudHJhbDEvc2VuZE5vdGlmaWNhdGlvbk9uU2lnblVwL3RMWng4UThueEo0 {"name":"operations/Zml4aXQtZTk3NGEvdXMtY2VudHJhbDEvc2VuZE5vdGlmaWNhdGlvbk9uU2lnblVwL3RMWng4UThueEo0","metadata":{"@type":"type.googleapis.com/google.cloud.functions.v1.OperationMetadataV1","target":"projects/fixit-e974a/locations/us-central1/functions/sendNotificationOnSignUp","type":"UPDATE_FUNCTION","request":{"@type":"type.googleapis.com/google.cloud.functions.v1.CloudFunction","name":"projects/fixit-e974a/locations/us-central1/functions/sendNotificationOnSignUp","eventTrigger":{"eventType":"providers/cloud.firestore/eventTypes/document.create","resource":"projects/fixit-e974a/databases/(default)/documents/users/{userId}","service":"firestore.googleapis.com"},"status":"ACTIVE","entryPoint":"sendNotificationOnSignUp","timeout":"60s","availableMemoryMb":256,"serviceAccountEmail":"fixit-e974a@appspot.gserviceaccount.com","updateTime":"2021-11-30T17:35:56.187Z","versionId":"14","labels":{"deployment-tool":"cli-firebase"},"sourceUploadUrl":"https://storage.googleapis.com/gcf-upload-us-central1-3bce38aa-9b9e-4c37-b489-e4b793d05d2e/1b5fe934-c07b-4c42-829c-2266ea233f51.zip?GoogleAccessId=service-373012334351@gcf-admin-robot.iam.gserviceaccount.com&Expires=1638296190&Signature=a3b57hVaYJbJ0119klqlg3yJLwXrIAwoexCiOW1S2eI6TSoXXylcC0hQhTTbTW874x75apD9FwBsZKWwN2fZYh6luT3g4OL63ZtUdVxrKNr0H9lPByXHowTtQ%2Bs0Pv%2F2%2BQ3O7FgUIl0e9G7s0qEcn6Ce76w9CNzAbPwzKjkViI1aplUCg1JW6l35W8noBcPNr0Px7hQdnIe%2B3KBh%2BQyq2z0Cro2iMTV38TzS7TKuIoHpFifYD5uIMn1oKYVw9sqZUP5%2Bj9KfvGcag4L4Fev2yJRsqpITGC3K%2BRhqVIRQ5Un1i39LsXTI31ME%2BKh96iLA4vJiQIrb7xYemIbDmmg3wQ%3D%3D","environmentVariables":{"FIREBASE_CONFIG":"{\"projectId\":\"fixit-e974a\",\"storageBucket\":\"fixit-e974a.appspot.com\",\"locationId\":\"us-central\"}"},"runtime":"nodejs14","ingressSettings":"ALLOW_ALL","buildId":"6e4b1aac-2da8-4f3e-a23c-15dcae71fbd4","buildName":"projects/373012334351/locations/us-central1/builds/6e4b1aac-2da8-4f3e-a23c-15dcae71fbd4"},"versionId":"15","updateTime":"2021-11-30T17:46:31Z","buildId":"3aec8474-c28c-46ec-b89a-de1553d881c2","buildName":"projects/373012334351/locations/us-central1/builds/3aec8474-c28c-46ec-b89a-de1553d881c2"}}
